0 info it worked if it ends with ok
1 verbose cli [ '/usr/local/Cellar/node/4.1.2/bin/node',
1 verbose cli   '/usr/local/bin/npm',
1 verbose cli   'publish',
1 verbose cli   '--access=public' ]
2 info using npm@2.14.6
3 info using node@v4.1.2
4 verbose publish [ '.' ]
5 silly cache add args [ '.', null ]
6 verbose cache add spec .
7 silly cache add parsed spec Result {
7 silly cache add   raw: '.',
7 silly cache add   scope: null,
7 silly cache add   name: null,
7 silly cache add   rawSpec: '.',
7 silly cache add   spec: '/Users/saiph/Documents/playground/elixirsips-downloader',
7 silly cache add   type: 'directory' }
8 verbose addLocalDirectory /Users/saiph/.npm/elixirsips-downloader/0.0.1/package.tgz not in flight; packing
9 verbose tar pack [ '/Users/saiph/.npm/elixirsips-downloader/0.0.1/package.tgz',
9 verbose tar pack   '/Users/saiph/Documents/playground/elixirsips-downloader' ]
10 verbose tarball /Users/saiph/.npm/elixirsips-downloader/0.0.1/package.tgz
11 verbose folder /Users/saiph/Documents/playground/elixirsips-downloader
12 info prepublish elixirsips-downloader@0.0.1
13 verbose addLocalTarball adding from inside cache /Users/saiph/.npm/elixirsips-downloader/0.0.1/package.tgz
14 silly cache afterAdd elixirsips-downloader@0.0.1
15 verbose afterAdd /Users/saiph/.npm/elixirsips-downloader/0.0.1/package/package.json not in flight; writing
16 verbose afterAdd /Users/saiph/.npm/elixirsips-downloader/0.0.1/package/package.json written
17 silly publish { name: 'elixirsips-downloader',
17 silly publish   version: '0.0.1',
17 silly publish   description: 'helper scripts to download [elixirsips.com](http://elixirsips.com/) videos.',
17 silly publish   main: 'index.js',
17 silly publish   bin:
17 silly publish    { es_parse_episodes: 'parse_episodes',
17 silly publish      es_parse_attachments: 'parse_attachments',
17 silly publish      es_get_attachments: 'get_attachments',
17 silly publish      'elixirsips-downloader': 'download' },
17 silly publish   dependencies:
17 silly publish    { cheerio: '^0.19.0',
17 silly publish      jquery: '^2.1.4',
17 silly publish      readline: '^1.1.0',
17 silly publish      request: '^2.64.0',
17 silly publish      underscore: '^1.8.3' },
17 silly publish   devDependencies: {},
17 silly publish   scripts: { test: 'echo "Error: no test specified" && exit 1' },
17 silly publish   author: '',
17 silly publish   license: 'ISC',
17 silly publish   readme: 'helper scripts to download [elixirsips.com](http://elixirsips.com/) videos.\n\n# Setup\n\n1) Purchase a subscription for a month on [elixirsips.com](http://elixirsips.com/)\n\n2) get your login token with (substitute USERNAME and PASSWORD..)\n\n```\ncurl --data "username=USERNAME&password=PASSWORD&redirect=" https://elixirsips.dpdcart.com/subscriber/login -X POST -i --silent | grep "Set-Cookie: symfony" | awk \'{print $2}\'\n```\n\nShould output something like\n\n```\nsymfony=abcdefm7lfvgit9mb912illd66;\n```\n\n**Copy it without the semicolon!**\n\n3) Set the environmental variable "ELIXIRSIPS_COOKIE" to the value copied before\n\n\n# download!\n\n```\nelixirsips-downloader $FROM $TO\n\n# where $FROM and $TO is the range of episodes to download\n```\n',
17 silly publish   readmeFilename: 'README.md',
17 silly publish   gitHead: '4c4ba9f26ef12969cd30c3a210ee6b6c1c5f8f0d',
17 silly publish   _id: 'elixirsips-downloader@0.0.1',
17 silly publish   _shasum: '18ddb4f0d62aa65e4fe77a6ddd85f9a047dd15d4',
17 silly publish   _from: '.' }
18 verbose getPublishConfig undefined
19 silly mapToRegistry name elixirsips-downloader
20 silly mapToRegistry using default registry
21 silly mapToRegistry registry https://registry.npmjs.org/
22 silly mapToRegistry uri https://registry.npmjs.org/elixirsips-downloader
23 verbose publish registryBase https://registry.npmjs.org/
24 silly publish uploading /Users/saiph/.npm/elixirsips-downloader/0.0.1/package.tgz
25 verbose request uri https://registry.npmjs.org/elixirsips-downloader
26 verbose request sending authorization for write operation
27 info attempt registry request try #1 at 10:46:03 PM
28 verbose request using bearer token for auth
29 verbose request id 8d802679a716c162
30 http request PUT https://registry.npmjs.org/elixirsips-downloader
31 http 403 https://registry.npmjs.org/elixirsips-downloader
32 verbose headers { 'content-type': 'application/json',
32 verbose headers   'cache-control': 'max-age=60',
32 verbose headers   'content-length': '95',
32 verbose headers   'accept-ranges': 'bytes',
32 verbose headers   date: 'Wed, 21 Oct 2015 20:46:05 GMT',
32 verbose headers   via: '1.1 varnish',
32 verbose headers   connection: 'keep-alive',
32 verbose headers   'x-served-by': 'cache-lhr6324-LHR',
32 verbose headers   'x-cache': 'MISS',
32 verbose headers   'x-cache-hits': '0',
32 verbose headers   'x-timer': 'S1445460364.276464,VS0,VE1006' }
33 verbose request invalidating /Users/saiph/.npm/registry.npmjs.org/elixirsips-downloader on PUT
34 error publish Failed PUT 403
35 verbose stack Error: "You cannot publish over the previously published version 0.0.1." : elixirsips-downloader
35 verbose stack     at makeError (/usr/local/lib/node_modules/npm/node_modules/npm-registry-client/lib/request.js:264:12)
35 verbose stack     at CachingRegistryClient.<anonymous> (/usr/local/lib/node_modules/npm/node_modules/npm-registry-client/lib/request.js:252:14)
35 verbose stack     at Request._callback (/usr/local/lib/node_modules/npm/node_modules/npm-registry-client/lib/request.js:172:14)
35 verbose stack     at Request.self.callback (/usr/local/lib/node_modules/npm/node_modules/request/request.js:198:22)
35 verbose stack     at emitTwo (events.js:87:13)
35 verbose stack     at Request.emit (events.js:172:7)
35 verbose stack     at Request.<anonymous> (/usr/local/lib/node_modules/npm/node_modules/request/request.js:1063:14)
35 verbose stack     at emitOne (events.js:82:20)
35 verbose stack     at Request.emit (events.js:169:7)
35 verbose stack     at IncomingMessage.<anonymous> (/usr/local/lib/node_modules/npm/node_modules/request/request.js:1009:12)
36 verbose statusCode 403
37 verbose pkgid elixirsips-downloader
38 verbose cwd /Users/saiph/Documents/playground/elixirsips-downloader
39 error Darwin 14.5.0
40 error argv "/usr/local/Cellar/node/4.1.2/bin/node" "/usr/local/bin/npm" "publish" "--access=public"
41 error node v4.1.2
42 error npm  v2.14.6
43 error code E403
44 error "You cannot publish over the previously published version 0.0.1." : elixirsips-downloader
45 error If you need help, you may report this error at:
45 error     <https://github.com/npm/npm/issues>
46 verbose exit [ 1, true ]
